<?xml version="1.0" encoding="UTF-8"?>
<!-- Generated by org.testng.reporters.JUnitXMLReporter -->
<testsuite hostname="ARIJIT-PC" failures="1" tests="1" name="Test" time="7.018" errors="0" timestamp="15 Aug 2021 16:29:35 GMT">
  <testcase classname="SeleniumJava.AutomationPractice.SearchFlights" name="searchFlights" time="0.313">
    <failure type="java.lang.NullPointerException">
      <![CDATA[java.lang.NullPointerException
	at SeleniumJava.AutomationPractice.SearchFlights.searchFlights(SearchFlights.java:33)
	at org.apache.maven.surefire.testng.TestNGExecutor.run(TestNGExecutor.java:284)
	at org.apache.maven.surefire.testng.TestNGXmlTestSuite.execute(TestNGXmlTestSuite.java:75)
	at org.apache.maven.surefire.testng.TestNGProvider.invoke(TestNGProvider.java:119)
	at org.apache.maven.surefire.booter.ForkedBooter.runSuitesInProcess(ForkedBooter.java:428)
	at org.apache.maven.surefire.booter.ForkedBooter.execute(ForkedBooter.java:162)
	at org.apache.maven.surefire.booter.ForkedBooter.run(ForkedBooter.java:562)
	at org.apache.maven.surefire.booter.ForkedBooter.main(ForkedBooter.java:548)
... Removed 21 stack frames]]>
    </failure>
  </testcase> <!-- searchFlights -->
</testsuite> <!-- Test -->
