<?xml version="1.0" encoding="UTF-8"?>
<testng-results total="1" passed="1" failed="0" skipped="0">
  <reporter-output>
  </reporter-output>
  <suite started-at="2021-08-15T23:04:31Z" name="Default suite" finished-at="2021-08-15T23:04:43Z" duration-ms="12603">
    <groups>
    </groups>
    <test started-at="2021-08-15T23:04:31Z" name="Default test" finished-at="2021-08-15T23:04:43Z" duration-ms="12603">
      <class name="SeleniumJava.AutomationPractice.SearchFlights">
        <test-method is-config="true" signature="initialize()[pri:0, instance:SeleniumJava.AutomationPractice.SearchFlights@3d3f761a]" started-at="2021-08-15T19:04:31Z" name="initialize" finished-at="2021-08-15T19:04:38Z" duration-ms="6841" status="PASS">
          <reporter-output>
          </reporter-output>
        </test-method> <!-- initialize -->
        <test-method signature="searchFlights()[pri:0, instance:SeleniumJava.AutomationPractice.SearchFlights@3d3f761a]" started-at="2021-08-15T19:04:38Z" name="searchFlights" finished-at="2021-08-15T19:04:43Z" duration-ms="5592" status="PASS">
          <reporter-output>
          </reporter-output>
        </test-method> <!-- searchFlights -->
        <test-method is-config="true" signature="teardown()[pri:0, instance:SeleniumJava.AutomationPractice.SearchFlights@3d3f761a]" started-at="2021-08-15T19:04:43Z" name="teardown" finished-at="2021-08-15T19:04:43Z" duration-ms="154" status="PASS">
          <reporter-output>
          </reporter-output>
        </test-method> <!-- teardown -->
      </class> <!-- SeleniumJava.AutomationPractice.SearchFlights -->
    </test> <!-- Default test -->
  </suite> <!-- Default suite -->
</testng-results>
